2018-07-14  15:28:31.620 [http-nio-8081-exec-2] ERROR o.a.catalina.core.ContainerBase.[Tomcat].[localhost].[/].[dispatcherServlet] - Servlet.service() for servlet [dispatcherServlet] in context with path [] threw exception [redis.clients.jedis.exceptions.JedisConnectionException: Could not get a resource from the pool] with root cause
java.net.ConnectException: Connection refused: connect
	at java.net.DualStackPlainSocketImpl.waitForConnect(Native Method)
	at java.net.DualStackPlainSocketImpl.socketConnect(DualStackPlainSocketImpl.java:85)
	at java.net.AbstractPlainSocketImpl.doConnect(AbstractPlainSocketImpl.java:350)
	at java.net.AbstractPlainSocketImpl.connectToAddress(AbstractPlainSocketImpl.java:206)
	at java.net.AbstractPlainSocketImpl.connect(AbstractPlainSocketImpl.java:188)
	at java.net.PlainSocketImpl.connect(PlainSocketImpl.java:172)
	at java.net.SocksSocketImpl.connect(SocksSocketImpl.java:392)
	at java.net.Socket.connect(Socket.java:589)
	at redis.clients.jedis.Connection.connect(Connection.java:184)
	at redis.clients.jedis.BinaryClient.connect(BinaryClient.java:93)
	at redis.clients.jedis.BinaryJedis.connect(BinaryJedis.java:1767)
	at redis.clients.jedis.JedisFactory.makeObject(JedisFactory.java:106)
	at org.apache.commons.pool2.impl.GenericObjectPool.create(GenericObjectPool.java:889)
	at org.apache.commons.pool2.impl.GenericObjectPool.borrowObject(GenericObjectPool.java:433)
	at org.apache.commons.pool2.impl.GenericObjectPool.borrowObject(GenericObjectPool.java:362)
	at redis.clients.util.Pool.getResource(Pool.java:49)
	at redis.clients.jedis.JedisPool.getResource(JedisPool.java:226)
	at org.crazycake.shiro.RedisManager.getJedis(RedisManager.java:43)
	at org.crazycake.shiro.BaseRedisManager.set(BaseRedisManager.java:75)
	at org.crazycake.shiro.RedisSessionDAO.saveSession(RedisSessionDAO.java:78)
	at org.crazycake.shiro.RedisSessionDAO.doCreate(RedisSessionDAO.java:119)
	at org.apache.shiro.session.mgt.eis.AbstractSessionDAO.create(AbstractSessionDAO.java:116)
	at org.apache.shiro.session.mgt.DefaultSessionManager.create(DefaultSessionManager.java:177)
	at org.apache.shiro.session.mgt.DefaultSessionManager.doCreateSession(DefaultSessionManager.java:158)
	at org.apache.shiro.session.mgt.AbstractValidatingSessionManager.createSession(AbstractValidatingSessionManager.java:136)
	at org.apache.shiro.session.mgt.AbstractNativeSessionManager.start(AbstractNativeSessionManager.java:99)
	at org.apache.shiro.mgt.SessionsSecurityManager.start(SessionsSecurityManager.java:152)
	at org.apache.shiro.subject.support.DelegatingSubject.getSession(DelegatingSubject.java:340)
	at org.apache.shiro.subject.support.DelegatingSubject.getSession(DelegatingSubject.java:316)
	at org.apache.shiro.web.util.WebUtils.saveRequest(WebUtils.java:607)
	at org.apache.shiro.web.filter.AccessControlFilter.saveRequest(AccessControlFilter.java:208)
	at org.apache.shiro.web.filter.AccessControlFilter.saveRequestAndRedirectToLogin(AccessControlFilter.java:191)
	at org.apache.shiro.web.filter.authc.FormAuthenticationFilter.onAccessDenied(FormAuthenticationFilter.java:168)
	at org.apache.shiro.web.filter.AccessControlFilter.onAccessDenied(AccessControlFilter.java:133)
	at org.apache.shiro.web.filter.AccessControlFilter.onPreHandle(AccessControlFilter.java:162)
	at org.apache.shiro.web.filter.PathMatchingFilter.isFilterChainContinued(PathMatchingFilter.java:203)
	at org.apache.shiro.web.filter.PathMatchingFilter.preHandle(PathMatchingFilter.java:178)
	at org.apache.shiro.web.servlet.AdviceFilter.doFilterInternal(AdviceFilter.java:131)
	at org.apache.shiro.web.servlet.OncePerRequestFilter.doFilter(OncePerRequestFilter.java:125)
	at org.apache.shiro.web.servlet.ProxiedFilterChain.doFilter(ProxiedFilterChain.java:66)
	at org.apache.shiro.web.servlet.AbstractShiroFilter.executeChain(AbstractShiroFilter.java:449)
	at org.apache.shiro.web.servlet.AbstractShiroFilter$1.call(AbstractShiroFilter.java:365)
	at org.apache.shiro.subject.support.SubjectCallable.doCall(SubjectCallable.java:90)
	at org.apache.shiro.subject.support.SubjectCallable.call(SubjectCallable.java:83)
	at org.apache.shiro.subject.support.DelegatingSubject.execute(DelegatingSubject.java:387)
	at org.apache.shiro.web.servlet.AbstractShiroFilter.doFilterInternal(AbstractShiroFilter.java:362)
	at org.apache.shiro.web.servlet.OncePerRequestFilter.doFilter(OncePerRequestFilter.java:125)
	at org.apache.catalina.core.ApplicationFilterChain.internalDoFilter(ApplicationFilterChain.java:193)
	at org.apache.catalina.core.ApplicationFilterChain.doFilter(ApplicationFilterChain.java:166)
	at org.springframework.web.filter.RequestContextFilter.doFilterInternal(RequestContextFilter.java:99)
	at org.springframework.web.filter.OncePerRequestFilter.doFilter(OncePerRequestFilter.java:107)
	at org.apache.catalina.core.ApplicationFilterChain.internalDoFilter(ApplicationFilterChain.java:193)
	at org.apache.catalina.core.ApplicationFilterChain.doFilter(ApplicationFilterChain.java:166)
	at org.springframework.web.filter.HttpPutFormContentFilter.doFilterInternal(HttpPutFormContentFilter.java:109)
	at org.springframework.web.filter.OncePerRequestFilter.doFilter(OncePerRequestFilter.java:107)
	at org.apache.catalina.core.ApplicationFilterChain.internalDoFilter(ApplicationFilterChain.java:193)
	at org.apache.catalina.core.ApplicationFilterChain.doFilter(ApplicationFilterChain.java:166)
	at org.springframework.web.filter.HiddenHttpMethodFilter.doFilterInternal(HiddenHttpMethodFilter.java:93)
	at org.springframework.web.filter.OncePerRequestFilter.doFilter(OncePerRequestFilter.java:107)
	at org.apache.catalina.core.ApplicationFilterChain.internalDoFilter(ApplicationFilterChain.java:193)
	at org.apache.catalina.core.ApplicationFilterChain.doFilter(ApplicationFilterChain.java:166)
	at org.springframework.web.filter.CharacterEncodingFilter.doFilterInternal(CharacterEncodingFilter.java:200)
	at org.springframework.web.filter.OncePerRequestFilter.doFilter(OncePerRequestFilter.java:107)
	at org.apache.catalina.core.ApplicationFilterChain.internalDoFilter(ApplicationFilterChain.java:193)
	at org.apache.catalina.core.ApplicationFilterChain.doFilter(ApplicationFilterChain.java:166)
	at org.apache.catalina.core.StandardWrapperValve.invoke(StandardWrapperValve.java:198)
	at org.apache.catalina.core.StandardContextValve.invoke(StandardContextValve.java:96)
	at org.apache.catalina.authenticator.AuthenticatorBase.invoke(AuthenticatorBase.java:496)
	at org.apache.catalina.core.StandardHostValve.invoke(StandardHostValve.java:140)
	at org.apache.catalina.valves.ErrorReportValve.invoke(ErrorReportValve.java:81)
	at org.apache.catalina.core.StandardEngineValve.invoke(StandardEngineValve.java:87)
	at org.apache.catalina.connector.CoyoteAdapter.service(CoyoteAdapter.java:342)
	at org.apache.coyote.http11.Http11Processor.service(Http11Processor.java:803)
	at org.apache.coyote.AbstractProcessorLight.process(AbstractProcessorLight.java:66)
	at org.apache.coyote.AbstractProtocol$ConnectionHandler.process(AbstractProtocol.java:790)
	at org.apache.tomcat.util.net.NioEndpoint$SocketProcessor.doRun(NioEndpoint.java:1468)
	at org.apache.tomcat.util.net.SocketProcessorBase.run(SocketProcessorBase.java:49)
	at java.util.concurrent.ThreadPoolExecutor.runWorker(ThreadPoolExecutor.java:1142)
	at java.util.concurrent.ThreadPoolExecutor$Worker.run(ThreadPoolExecutor.java:617)
	at org.apache.tomcat.util.threads.TaskThread$WrappingRunnable.run(TaskThread.java:61)
	at java.lang.Thread.run(Thread.java:748)
2018-07-14  15:28:33.177 [http-nio-8081-exec-3] ERROR o.a.catalina.core.ContainerBase.[Tomcat].[localhost].[/].[dispatcherServlet] - Servlet.service() for servlet [dispatcherServlet] in context with path [] threw exception [redis.clients.jedis.exceptions.JedisConnectionException: Could not get a resource from the pool] with root cause
java.net.ConnectException: Connection refused: connect
	at java.net.DualStackPlainSocketImpl.waitForConnect(Native Method)
	at java.net.DualStackPlainSocketImpl.socketConnect(DualStackPlainSocketImpl.java:85)
	at java.net.AbstractPlainSocketImpl.doConnect(AbstractPlainSocketImpl.java:350)
	at java.net.AbstractPlainSocketImpl.connectToAddress(AbstractPlainSocketImpl.java:206)
	at java.net.AbstractPlainSocketImpl.connect(AbstractPlainSocketImpl.java:188)
	at java.net.PlainSocketImpl.connect(PlainSocketImpl.java:172)
	at java.net.SocksSocketImpl.connect(SocksSocketImpl.java:392)
	at java.net.Socket.connect(Socket.java:589)
	at redis.clients.jedis.Connection.connect(Connection.java:184)
	at redis.clients.jedis.BinaryClient.connect(BinaryClient.java:93)
	at redis.clients.jedis.BinaryJedis.connect(BinaryJedis.java:1767)
	at redis.clients.jedis.JedisFactory.makeObject(JedisFactory.java:106)
	at org.apache.commons.pool2.impl.GenericObjectPool.create(GenericObjectPool.java:889)
	at org.apache.commons.pool2.impl.GenericObjectPool.borrowObject(GenericObjectPool.java:433)
	at org.apache.commons.pool2.impl.GenericObjectPool.borrowObject(GenericObjectPool.java:362)
	at redis.clients.util.Pool.getResource(Pool.java:49)
	at redis.clients.jedis.JedisPool.getResource(JedisPool.java:226)
	at org.crazycake.shiro.RedisManager.getJedis(RedisManager.java:43)
	at org.crazycake.shiro.BaseRedisManager.set(BaseRedisManager.java:75)
	at org.crazycake.shiro.RedisSessionDAO.saveSession(RedisSessionDAO.java:78)
	at org.crazycake.shiro.RedisSessionDAO.doCreate(RedisSessionDAO.java:119)
	at org.apache.shiro.session.mgt.eis.AbstractSessionDAO.create(AbstractSessionDAO.java:116)
	at org.apache.shiro.session.mgt.DefaultSessionManager.create(DefaultSessionManager.java:177)
	at org.apache.shiro.session.mgt.DefaultSessionManager.doCreateSession(DefaultSessionManager.java:158)
	at org.apache.shiro.session.mgt.AbstractValidatingSessionManager.createSession(AbstractValidatingSessionManager.java:136)
	at org.apache.shiro.session.mgt.AbstractNativeSessionManager.start(AbstractNativeSessionManager.java:99)
	at org.apache.shiro.mgt.SessionsSecurityManager.start(SessionsSecurityManager.java:152)
	at org.apache.shiro.subject.support.DelegatingSubject.getSession(DelegatingSubject.java:340)
	at org.apache.shiro.subject.support.DelegatingSubject.getSession(DelegatingSubject.java:316)
	at org.apache.shiro.web.util.WebUtils.saveRequest(WebUtils.java:607)
	at org.apache.shiro.web.filter.AccessControlFilter.saveRequest(AccessControlFilter.java:208)
	at org.apache.shiro.web.filter.AccessControlFilter.saveRequestAndRedirectToLogin(AccessControlFilter.java:191)
	at org.apache.shiro.web.filter.authc.FormAuthenticationFilter.onAccessDenied(FormAuthenticationFilter.java:168)
	at org.apache.shiro.web.filter.AccessControlFilter.onAccessDenied(AccessControlFilter.java:133)
	at org.apache.shiro.web.filter.AccessControlFilter.onPreHandle(AccessControlFilter.java:162)
	at org.apache.shiro.web.filter.PathMatchingFilter.isFilterChainContinued(PathMatchingFilter.java:203)
	at org.apache.shiro.web.filter.PathMatchingFilter.preHandle(PathMatchingFilter.java:178)
	at org.apache.shiro.web.servlet.AdviceFilter.doFilterInternal(AdviceFilter.java:131)
	at org.apache.shiro.web.servlet.OncePerRequestFilter.doFilter(OncePerRequestFilter.java:125)
	at org.apache.shiro.web.servlet.ProxiedFilterChain.doFilter(ProxiedFilterChain.java:66)
	at org.apache.shiro.web.servlet.AbstractShiroFilter.executeChain(AbstractShiroFilter.java:449)
	at org.apache.shiro.web.servlet.AbstractShiroFilter$1.call(AbstractShiroFilter.java:365)
	at org.apache.shiro.subject.support.SubjectCallable.doCall(SubjectCallable.java:90)
	at org.apache.shiro.subject.support.SubjectCallable.call(SubjectCallable.java:83)
	at org.apache.shiro.subject.support.DelegatingSubject.execute(DelegatingSubject.java:387)
	at org.apache.shiro.web.servlet.AbstractShiroFilter.doFilterInternal(AbstractShiroFilter.java:362)
	at org.apache.shiro.web.servlet.OncePerRequestFilter.doFilter(OncePerRequestFilter.java:125)
	at org.apache.catalina.core.ApplicationFilterChain.internalDoFilter(ApplicationFilterChain.java:193)
	at org.apache.catalina.core.ApplicationFilterChain.doFilter(ApplicationFilterChain.java:166)
	at org.springframework.web.filter.RequestContextFilter.doFilterInternal(RequestContextFilter.java:99)
	at org.springframework.web.filter.OncePerRequestFilter.doFilter(OncePerRequestFilter.java:107)
	at org.apache.catalina.core.ApplicationFilterChain.internalDoFilter(ApplicationFilterChain.java:193)
	at org.apache.catalina.core.ApplicationFilterChain.doFilter(ApplicationFilterChain.java:166)
	at org.springframework.web.filter.HttpPutFormContentFilter.doFilterInternal(HttpPutFormContentFilter.java:109)
	at org.springframework.web.filter.OncePerRequestFilter.doFilter(OncePerRequestFilter.java:107)
	at org.apache.catalina.core.ApplicationFilterChain.internalDoFilter(ApplicationFilterChain.java:193)
	at org.apache.catalina.core.ApplicationFilterChain.doFilter(ApplicationFilterChain.java:166)
	at org.springframework.web.filter.HiddenHttpMethodFilter.doFilterInternal(HiddenHttpMethodFilter.java:93)
	at org.springframework.web.filter.OncePerRequestFilter.doFilter(OncePerRequestFilter.java:107)
	at org.apache.catalina.core.ApplicationFilterChain.internalDoFilter(ApplicationFilterChain.java:193)
	at org.apache.catalina.core.ApplicationFilterChain.doFilter(ApplicationFilterChain.java:166)
	at org.springframework.web.filter.CharacterEncodingFilter.doFilterInternal(CharacterEncodingFilter.java:200)
	at org.springframework.web.filter.OncePerRequestFilter.doFilter(OncePerRequestFilter.java:107)
	at org.apache.catalina.core.ApplicationFilterChain.internalDoFilter(ApplicationFilterChain.java:193)
	at org.apache.catalina.core.ApplicationFilterChain.doFilter(ApplicationFilterChain.java:166)
	at org.apache.catalina.core.StandardWrapperValve.invoke(StandardWrapperValve.java:198)
	at org.apache.catalina.core.StandardContextValve.invoke(StandardContextValve.java:96)
	at org.apache.catalina.authenticator.AuthenticatorBase.invoke(AuthenticatorBase.java:496)
	at org.apache.catalina.core.StandardHostValve.invoke(StandardHostValve.java:140)
	at org.apache.catalina.valves.ErrorReportValve.invoke(ErrorReportValve.java:81)
	at org.apache.catalina.core.StandardEngineValve.invoke(StandardEngineValve.java:87)
	at org.apache.catalina.connector.CoyoteAdapter.service(CoyoteAdapter.java:342)
	at org.apache.coyote.http11.Http11Processor.service(Http11Processor.java:803)
	at org.apache.coyote.AbstractProcessorLight.process(AbstractProcessorLight.java:66)
	at org.apache.coyote.AbstractProtocol$ConnectionHandler.process(AbstractProtocol.java:790)
	at org.apache.tomcat.util.net.NioEndpoint$SocketProcessor.doRun(NioEndpoint.java:1468)
	at org.apache.tomcat.util.net.SocketProcessorBase.run(SocketProcessorBase.java:49)
	at java.util.concurrent.ThreadPoolExecutor.runWorker(ThreadPoolExecutor.java:1142)
	at java.util.concurrent.ThreadPoolExecutor$Worker.run(ThreadPoolExecutor.java:617)
	at org.apache.tomcat.util.threads.TaskThread$WrappingRunnable.run(TaskThread.java:61)
	at java.lang.Thread.run(Thread.java:748)
